<?xml version="1.0" encoding="UTF-8"?>
<testng-results ignored="0" total="1" passed="1" failed="0" skipped="0">
  <reporter-output>
  </reporter-output>
  <suite started-at="2018-08-23T18:38:24Z" name="Default suite" finished-at="2018-08-23T18:38:29Z" duration-ms="4796">
    <groups>
    </groups>
    <test started-at="2018-08-23T18:38:24Z" name="Default test" finished-at="2018-08-23T18:38:29Z" duration-ms="4796">
      <class name="elementNotClickable.ElementNotClickable">
        <test-method is-config="true" signature="InvokeBrowser()[pri:0, instance:elementNotClickable.ElementNotClickable@7cf7aee]" started-at="2018-08-23T18:38:24Z" name="InvokeBrowser" finished-at="2018-08-23T18:38:26Z" duration-ms="1128" status="PASS">
          <reporter-output>
          </reporter-output>
        </test-method> <!-- InvokeBrowser -->
        <test-method signature="MouseHover()[pri:0, instance:elementNotClickable.ElementNotClickable@7cf7aee]" started-at="2018-08-23T18:38:26Z" name="MouseHover" finished-at="2018-08-23T18:38:27Z" duration-ms="990" status="PASS">
          <reporter-output>
          </reporter-output>
        </test-method> <!-- MouseHover -->
        <test-method is-config="true" signature="tearDown()[pri:0, instance:elementNotClickable.ElementNotClickable@7cf7aee]" started-at="2018-08-23T18:38:27Z" name="tearDown" finished-at="2018-08-23T18:38:29Z" duration-ms="2634" status="PASS">
          <reporter-output>
          </reporter-output>
        </test-method> <!-- tearDown -->
      </class> <!-- elementNotClickable.ElementNotClickable -->
    </test> <!-- Default test -->
  </suite> <!-- Default suite -->
</testng-results>
